1673730611225:-s my-server
1673730629955:ssh -s myssh
1673731280339:my-ssh -s new-server
1673743924987:ssh
1673743939715:ssh -s
1673743945546:ssh-add
1673744030084:ssh-add --k 1 2
1673744093012:ssh -s as
1673744126293:my-ssh
1673744358923:ssh-login
1673744365222:ssh-login --r
1673744749224:ssh-agent
1673744759328:ssh-agent --a a
1673744771377:ssh-agent --a sha
1673831420913:sing-in
1673831428030:sign-in
1673831472065:sign-out
1673831474919:ssh
1673831477945:my-ssh
1673831512902:sign-in
1673831520286:sign-out
1673924215278:get
